TN:
SF:C:\Users\jepowell\Desktop\active-projects\restaurant-week\js\app\restaurant-week.app.js
FNF:0
FNH:0
DA:1,1
DA:2,1
LF:2
LH:2
BRF:0
BRH:0
end_of_record
TN:
SF:C:\Users\jepowell\Desktop\active-projects\restaurant-week\js\app\restaurant\restaurant.constants.js
FNF:0
FNH:0
DA:1,1
DA:2,1
DA:13,1
LF:3
LH:3
BRF:0
BRH:0
end_of_record
TN:
SF:C:\Users\jepowell\Desktop\active-projects\restaurant-week\js\app\restaurant\restaurant.model.js
FNF:0
FNH:0
DA:1,1
DA:2,1
DA:3,2
DA:4,17
DA:6,17
DA:7,17
DA:8,17
DA:9,17
DA:10,17
DA:11,17
DA:12,17
DA:13,17
DA:15,17
DA:18,2
DA:21,1
LF:15
LH:15
BRDA:6,1,0,17
BRDA:6,1,1,0
BRDA:7,2,0,17
BRDA:7,2,1,17
BRDA:8,3,0,17
BRDA:8,3,1,17
BRDA:9,4,0,17
BRDA:9,4,1,0
BRDA:10,5,0,17
BRDA:10,5,1,0
BRDA:11,6,0,17
BRDA:11,6,1,17
BRDA:12,7,0,17
BRDA:12,7,1,17
BRDA:13,8,0,17
BRDA:13,8,1,0
BRF:16
BRH:12
end_of_record
TN:
SF:C:\Users\jepowell\Desktop\active-projects\restaurant-week\js\app\restaurant\mock-restaurant.provider.js
FNF:0
FNH:0
DA:4,1
DA:5,1
DA:6,5
DA:179,5
DA:180,1
DA:181,1
DA:184,5
DA:185,1
DA:186,1
DA:190,5
DA:191,2
DA:193,2
DA:195,1
DA:196,1
DA:200,5
DA:205,1
LF:16
LH:16
BRF:0
BRH:0
end_of_record
TN:
SF:C:\Users\jepowell\Desktop\active-projects\restaurant-week\js\app\restaurant\page-restaurant.provider.js
FNF:0
FNH:0
DA:4,1
DA:5,1
DA:6,2
DA:7,1
DA:9,1
DA:11,1
DA:12,17
DA:13,17
DA:14,17
DA:25,17
DA:28,1
DA:31,2
DA:36,1
LF:13
LH:13
BRF:0
BRH:0
end_of_record
TN:
SF:C:\Users\jepowell\Desktop\active-projects\restaurant-week\js\app\restaurant\restaurant.service.js
FNF:0
FNH:0
DA:1,1
DA:2,1
DA:3,5
DA:5,5
DA:10,1
LF:5
LH:5
BRF:0
BRH:0
end_of_record
TN:
SF:C:\Users\jepowell\Desktop\active-projects\restaurant-week\js\app\restaurant-list\restaurant-list.directive.js
FNF:0
FNH:0
DA:1,1
DA:2,1
DA:3,0
DA:11,0
DA:14,1
LF:5
LH:3
BRF:0
BRH:0
end_of_record
TN:
SF:C:\Users\jepowell\Desktop\active-projects\restaurant-week\js\app\restaurant\restaurant.directive.js
FNF:0
FNH:0
DA:1,1
DA:2,1
DA:3,0
DA:11,0
DA:14,1
LF:5
LH:3
BRF:0
BRH:0
end_of_record
TN:
SF:C:\Users\jepowell\Desktop\active-projects\restaurant-week\js\app\restaurant-list\restaurant-list.controller.js
FN:2,RestaurantListCtrl
FNF:1
FNH:1
FNDA:2,RestaurantListCtrl
DA:1,1
DA:2,1
DA:3,2
DA:5,2
DA:8,1
LF:5
LH:5
BRF:0
BRH:0
end_of_record
TN:
SF:C:\Users\jepowell\Desktop\active-projects\restaurant-week\js\mobile-nav.js
FNF:0
FNH:0
DA:1,1
DA:3,1
DA:4,1
DA:6,1
DA:7,7
DA:8,7
DA:9,7
DA:11,7
DA:14,1
DA:15,0
DA:16,0
DA:18,0
DA:23,0
DA:26,1
DA:35,1
DA:36,1
LF:16
LH:12
BRDA:7,1,0,7
BRDA:7,1,1,7
BRDA:8,2,0,7
BRDA:8,2,1,7
BRDA:9,3,0,7
BRDA:9,3,1,7
BRF:6
BRH:6
end_of_record
