TN:
SF:C:\Users\jepowell\Desktop\active-projects\restaurant-week\js\app\restaurant-week.app.js
FNF:0
FNH:0
DA:3,1
DA:4,1
DA:7,39
LF:3
LH:3
BRF:0
BRH:0
end_of_record
TN:
SF:C:\Users\jepowell\Desktop\active-projects\restaurant-week\js\app\restaurant\restaurant.constants.js
FNF:0
FNH:0
DA:3,1
DA:4,1
DA:19,1
LF:3
LH:3
BRF:0
BRH:0
end_of_record
TN:
SF:C:\Users\jepowell\Desktop\active-projects\restaurant-week\js\app\restaurant\restaurant.model.js
FNF:0
FNH:0
DA:3,1
DA:4,1
DA:5,15
DA:6,24
DA:8,24
DA:9,24
DA:10,24
DA:11,24
DA:12,24
DA:13,24
DA:14,24
DA:15,24
DA:16,24
DA:17,24
DA:18,24
DA:19,24
DA:21,24
DA:24,15
DA:27,1
LF:19
LH:19
BRDA:8,1,0,24
BRDA:8,1,1,0
BRDA:9,2,0,24
BRDA:9,2,1,0
BRDA:10,3,0,24
BRDA:10,3,1,24
BRDA:11,4,0,24
BRDA:11,4,1,0
BRDA:12,5,0,24
BRDA:12,5,1,0
BRDA:13,6,0,24
BRDA:13,6,1,0
BRDA:14,7,0,24
BRDA:14,7,1,0
BRDA:15,8,0,24
BRDA:15,8,1,0
BRDA:16,9,0,24
BRDA:16,9,1,0
BRDA:17,10,0,24
BRDA:17,10,1,0
BRDA:18,11,0,24
BRDA:18,11,1,0
BRF:22
BRH:12
end_of_record
TN:
SF:C:\Users\jepowell\Desktop\active-projects\restaurant-week\js\app\restaurant\mock-restaurant.provider.js
FNF:0
FNH:0
DA:7,1
DA:8,1
DA:9,0
DA:10,0
DA:11,0
DA:12,0
DA:14,0
DA:15,0
DA:16,0
DA:20,0
DA:21,0
DA:22,0
DA:23,0
DA:25,0
DA:27,0
DA:30,0
DA:31,0
DA:32,0
DA:35,0
DA:36,0
DA:38,0
DA:40,0
DA:41,0
DA:45,0
DA:50,1
LF:25
LH:3
BRDA:12,1,0,0
BRDA:12,1,1,0
BRDA:12,2,0,0
BRDA:12,2,1,0
BRDA:14,3,0,0
BRDA:14,3,1,0
BRDA:21,4,0,0
BRDA:21,4,1,0
BRDA:21,5,0,0
BRDA:21,5,1,0
BRDA:21,5,2,0
BRF:11
BRH:0
end_of_record
TN:
SF:C:\Users\jepowell\Desktop\active-projects\restaurant-week\js\app\restaurant\structured-content-restaurant.provider.js
FNF:0
FNH:0
DA:7,1
DA:8,1
DA:9,36
DA:10,24
DA:11,15
DA:12,13
DA:14,13
DA:15,24
DA:17,24
DA:33,24
DA:36,13
DA:39,15
DA:40,0
DA:41,0
DA:42,0
DA:44,0
DA:46,0
DA:49,15
DA:50,1
DA:51,1
DA:54,15
DA:55,1
DA:57,1
DA:59,0
DA:60,1
DA:64,15
DA:71,1
DA:78,1
LF:28
LH:22
BRDA:19,1,0,24
BRDA:19,1,1,0
BRDA:20,2,0,24
BRDA:20,2,1,0
BRDA:21,3,0,24
BRDA:21,3,1,0
BRDA:22,4,0,24
BRDA:22,4,1,0
BRDA:23,5,0,24
BRDA:23,5,1,0
BRDA:24,6,0,24
BRDA:24,6,1,0
BRDA:25,7,0,24
BRDA:25,7,1,0
BRDA:26,8,0,24
BRDA:26,8,1,0
BRDA:27,9,0,24
BRDA:27,9,1,0
BRDA:28,10,0,24
BRDA:28,10,1,0
BRDA:28,11,0,24
BRDA:28,11,1,24
BRDA:40,12,0,0
BRDA:40,12,1,0
BRDA:40,13,0,0
BRDA:40,13,1,0
BRDA:40,13,2,0
BRF:27
BRH:12
end_of_record
TN:
SF:C:\Users\jepowell\Desktop\active-projects\restaurant-week\js\app\core\objectProperty.filter.js
FNF:0
FNH:0
DA:3,1
DA:4,1
DA:5,6
DA:6,5
DA:7,3
DA:9,2
DA:11,2
DA:12,8
DA:13,8
DA:14,12
DA:15,12
DA:16,12
DA:17,12
DA:18,5
DA:20,5
DA:21,3
DA:22,3
DA:29,2
DA:32,6
DA:35,1
LF:20
LH:20
BRDA:6,1,0,3
BRDA:6,1,1,2
BRDA:6,2,0,5
BRDA:6,2,1,4
BRDA:16,3,0,12
BRDA:16,3,1,0
BRDA:17,4,0,5
BRDA:17,4,1,7
BRDA:20,5,0,3
BRDA:20,5,1,2
BRF:10
BRH:9
end_of_record
TN:
SF:C:\Users\jepowell\Desktop\active-projects\restaurant-week\js\app\core\data.service.js
FNF:0
FNH:0
DA:3,1
DA:4,1
DA:5,5
DA:7,5
DA:8,2
DA:9,2
DA:12,5
DA:13,2
DA:14,2
DA:17,5
DA:18,2
DA:20,2
DA:21,1
DA:22,1
DA:25,5
DA:26,2
DA:28,2
DA:29,1
DA:30,1
DA:33,5
DA:39,1
LF:21
LH:21
BRF:0
BRH:0
end_of_record
TN:
SF:C:\Users\jepowell\Desktop\active-projects\restaurant-week\js\app\restaurant\restaurant.service.js
FNF:0
FNH:0
DA:3,1
DA:4,1
DA:5,2
DA:7,2
DA:12,1
DA:14,1
LF:6
LH:6
BRF:0
BRH:0
end_of_record
TN:
SF:C:\Users\jepowell\Desktop\active-projects\restaurant-week\js\app\restaurant-list\restaurant-list.directive.js
FNF:0
FNH:0
DA:3,1
DA:4,1
DA:5,0
DA:17,0
DA:20,1
LF:5
LH:3
BRF:0
BRH:0
end_of_record
TN:
SF:C:\Users\jepowell\Desktop\active-projects\restaurant-week\js\app\restaurant\restaurant.directive.js
FNF:0
FNH:0
DA:3,1
DA:4,1
DA:5,0
DA:12,0
DA:13,0
DA:18,0
DA:19,0
DA:26,0
DA:29,1
LF:9
LH:3
BRF:0
BRH:0
end_of_record
TN:
SF:C:\Users\jepowell\Desktop\active-projects\restaurant-week\js\app\restaurant-list\restaurant-list.controller.js
FN:4,RestaurantListCtrl
FNF:1
FNH:1
FNDA:7,RestaurantListCtrl
DA:3,1
DA:4,1
DA:5,7
DA:7,7
DA:12,7
DA:13,2
DA:14,2
DA:17,2
DA:18,2
DA:19,1
DA:24,7
DA:25,2
DA:26,1
DA:27,1
DA:29,1
DA:32,7
DA:33,1
DA:34,1
DA:37,7
DA:38,7
DA:39,0
DA:43,1
LF:22
LH:21
BRDA:13,1,0,2
BRDA:13,1,1,1
BRDA:14,2,0,2
BRDA:14,2,1,1
BRDA:18,3,0,1
BRDA:18,3,1,1
BRDA:25,4,0,1
BRDA:25,4,1,1
BRDA:38,5,0,0
BRDA:38,5,1,7
BRDA:38,6,0,7
BRDA:38,6,1,7
BRF:12
BRH:11
end_of_record
TN:
SF:C:\Users\jepowell\Desktop\active-projects\restaurant-week\js\app\restaurant\restaurant.controller.js
FN:4,RestaurantCtrl
FNF:1
FNH:1
FNDA:6,RestaurantCtrl
DA:3,1
DA:4,1
DA:5,6
DA:6,6
DA:7,6
DA:8,6
DA:9,6
DA:13,6
DA:15,2
DA:19,1
LF:10
LH:10
BRF:0
BRH:0
end_of_record
TN:
SF:C:\Users\jepowell\Desktop\active-projects\restaurant-week\js\home-page.js
FNF:0
FNH:0
DA:3,1
DA:5,1
DA:6,1
DA:13,1
DA:14,2
DA:17,1
DA:23,1
DA:24,1
LF:8
LH:8
BRF:0
BRH:0
end_of_record
TN:
SF:C:\Users\jepowell\Desktop\active-projects\restaurant-week\js\mobile-nav.js
FNF:0
FNH:0
DA:3,1
DA:5,1
DA:6,1
DA:7,1
DA:8,1
DA:10,1
DA:11,1
DA:12,1
DA:13,1
DA:14,1
DA:15,1
DA:18,1
DA:21,1
DA:22,2
DA:23,2
DA:25,2
DA:30,2
DA:32,2
DA:35,2
DA:39,1
DA:48,1
DA:49,1
LF:22
LH:22
BRDA:11,1,0,1
BRDA:11,1,1,1
BRDA:12,2,0,1
BRDA:12,2,1,1
BRDA:13,3,0,1
BRDA:13,3,1,1
BRDA:14,4,0,1
BRDA:14,4,1,1
BRDA:15,5,0,1
BRDA:15,5,1,1
BRF:10
BRH:10
end_of_record
